A51 MACRO ASSEMBLER  FIBO                                                                 05/13/2021 10:33:57 PAGE     1


MACRO ASSEMBLER A51 V8.2.7.0
OBJECT MODULE PLACED IN .\Objects\FIBO.obj
ASSEMBLER INVOKED BY: C:\Keil_v5\C51\BIN\A51.EXE FIBO.ASM SET(SMALL) DEBUG PRINT(.\Listings\FIBO.lst) OBJECT(.\Objects\F
                      IBO.obj) EP

LOC  OBJ            LINE     SOURCE

0000                   1     ORG 00H
0000 790A              2     MOV R1,#0AH
0002 7840              3     MOV R0,#40H
0004 7400              4     MOV A,#00H
0006 F6                5     MOV @R0,A
0007 08                6     INC R0
0008 19                7     DEC R1
0009 75F001            8     MOV B,#01H
000C A6F0              9     MOV @R0,B
000E 25F0             10     LOOP:ADD A,B
0010 D4               11     DA A
0011 08               12     INC R0
0012 F6               13     MOV @R0,A
0013 C5F0             14     XCH A,B
0015 D9F7             15     DJNZ R1,LOOP
                      16     END
A51 MACRO ASSEMBLER  FIBO                                                                 05/13/2021 10:33:57 PAGE     2

SYMBOL TABLE LISTING
------ ----- -------


N A M E             T Y P E  V A L U E   ATTRIBUTES

B. . . . . . . . .  D ADDR   00F0H   A   
LOOP . . . . . . .  C ADDR   000EH   A   


REGISTER BANK(S) USED: 0 


ASSEMBLY COMPLETE.  0 WARNING(S), 0 ERROR(S)
